# JRE version: OpenJDK Runtime Environment (8.0_242-b01) (build 1.8.0_242-release-1644-b01)
# Java VM: OpenJDK 64-Bit Server VM (25.242-b01 mixed mode windows-amd64 compressed oops)
Heap:
 PSYoungGen      total 586240K, used 82759K [0x00000000d5580000, 0x0000000100000000, 0x0000000100000000)
  eden space 473600K, 17% used [0x00000000d5580000,0x00000000da651e70,0x00000000f2400000)
  from space 112640K, 0% used [0x00000000f2400000,0x00000000f2400000,0x00000000f9200000)
  to   space 112640K, 0% used [0x00000000f9200000,0x00000000f9200000,0x0000000100000000)
 ParOldGen       total 582144K, used 305830K [0x0000000080000000, 0x00000000a3880000, 0x00000000d5580000)
  object space 582144K, 52% used [0x0000000080000000,0x0000000092aa9ba8,0x00000000a3880000)
 Metaspace       used 113044K, capacity 118374K, committed 118808K, reserved 1153024K
  class space    used 14269K, capacity 15288K, committed 15408K, reserved 1048576K
GC Heap History (10 events):
Event: 403.784 GC heap before
{Heap before GC invocations=26 (full 4):
 PSYoungGen      total 555520K, used 473377K [0x00000000d5580000, 0x0000000100000000, 0x0000000100000000)
  eden space 461824K, 100% used [0x00000000d5580000,0x00000000f1880000,0x00000000f1880000)
  from space 93696K, 12% used [0x00000000f1880000,0x00000000f23c86f0,0x00000000f7400000)
  to   space 91136K, 0% used [0x00000000fa700000,0x00000000fa700000,0x0000000100000000)
 ParOldGen       total 373248K, used 300099K [0x0000000080000000, 0x0000000096c80000, 0x00000000d5580000)
  object space 373248K, 80% used [0x0000000080000000,0x0000000092510e88,0x0000000096c80000)
 Metaspace       used 98633K, capacity 103422K, committed 103576K, reserved 1138688K
  class space    used 12783K, capacity 13679K, committed 13744K, reserved 1048576K
Event: 403.900 GC heap after
Heap after GC invocations=26 (full 4):
 PSYoungGen      total 589312K, used 71502K [0x00000000d5580000, 0x0000000100000000, 0x0000000100000000)
  eden space 498176K, 0% used [0x00000000d5580000,0x00000000d5580000,0x00000000f3c00000)
  from space 91136K, 78% used [0x00000000fa700000,0x00000000fecd3b78,0x0000000100000000)
  to   space 100352K, 0% used [0x00000000f3c00000,0x00000000f3c00000,0x00000000f9e00000)
 ParOldGen       total 373248K, used 300107K [0x0000000080000000, 0x0000000096c80000, 0x00000000d5580000)
  object space 373248K, 80% used [0x0000000080000000,0x0000000092512e88,0x0000000096c80000)
 Metaspace       used 98633K, capacity 103422K, committed 103576K, reserved 1138688K
  class space    used 12783K, capacity 13679K, committed 13744K, reserved 1048576K
}
Event: 413.834 GC heap before
{Heap before GC invocations=27 (full 4):
 PSYoungGen      total 589312K, used 569678K [0x00000000d5580000, 0x0000000100000000, 0x0000000100000000)
  eden space 498176K, 100% used [0x00000000d5580000,0x00000000f3c00000,0x00000000f3c00000)
  from space 91136K, 78% used [0x00000000fa700000,0x00000000fecd3b78,0x0000000100000000)
  to   space 100352K, 0% used [0x00000000f3c00000,0x00000000f3c00000,0x00000000f9e00000)
 ParOldGen       total 373248K, used 300107K [0x0000000080000000, 0x0000000096c80000, 0x00000000d5580000)
  object space 373248K, 80% used [0x0000000080000000,0x0000000092512e88,0x0000000096c80000)
 Metaspace       used 103040K, capacity 108286K, committed 108440K, reserved 1142784K
  class space    used 13213K, capacity 14176K, committed 14256K, reserved 1048576K
Event: 413.860 GC heap after
Heap after GC invocations=27 (full 4):
 PSYoungGen      total 598528K, used 25183K [0x00000000d5580000, 0x0000000100000000, 0x0000000100000000)
  eden space 498176K, 0% used [0x00000000d5580000,0x00000000d5580000,0x00000000f3c00000)
  from space 100352K, 25% used [0x00000000f3c00000,0x00000000f5497e20,0x00000000f9e00000)
  to   space 95744K, 0% used [0x00000000fa280000,0x00000000fa280000,0x0000000100000000)
 ParOldGen       total 373248K, used 300115K [0x0000000080000000, 0x0000000096c80000, 0x00000000d5580000)
  object space 373248K, 80% used [0x0000000080000000,0x0000000092514e88,0x0000000096c80000)
 Metaspace       used 103040K, capacity 108286K, committed 108440K, reserved 1142784K
  class space    used 13213K, capacity 14176K, committed 14256K, reserved 1048576K
}
Event: 417.500 GC heap before
{Heap before GC invocations=28 (full 4):
 PSYoungGen      total 598528K, used 523359K [0x00000000d5580000, 0x0000000100000000, 0x0000000100000000)
  eden space 498176K, 100% used [0x00000000d5580000,0x00000000f3c00000,0x00000000f3c00000)
  from space 100352K, 25% used [0x00000000f3c00000,0x00000000f5497e20,0x00000000f9e00000)
  to   space 95744K, 0% used [0x00000000fa280000,0x00000000fa280000,0x0000000100000000)
 ParOldGen       total 373248K, used 300115K [0x0000000080000000, 0x0000000096c80000, 0x00000000d5580000)
  object space 373248K, 80% used [0x0000000080000000,0x0000000092514e88,0x0000000096c80000)
 Metaspace       used 109215K, capacity 114520K, committed 114712K, reserved 1148928K
  class space    used 13827K, capacity 14793K, committed 14896K, reserved 1048576K
Event: 417.566 GC heap after
Heap after GC invocations=28 (full 4):
 PSYoungGen      total 569344K, used 95740K [0x00000000d5580000, 0x0000000100000000, 0x0000000100000000)
  eden space 473600K, 0% used [0x00000000d5580000,0x00000000d5580000,0x00000000f2400000)
  from space 95744K, 99% used [0x00000000fa280000,0x00000000fffff3a0,0x0000000100000000)
  to   space 112640K, 0% used [0x00000000f2400000,0x00000000f2400000,0x00000000f9200000)
 ParOldGen       total 373248K, used 301746K [0x0000000080000000, 0x0000000096c80000, 0x00000000d5580000)
  object space 373248K, 80% used [0x0000000080000000,0x00000000926acaf8,0x0000000096c80000)
 Metaspace       used 109215K, capacity 114520K, committed 114712K, reserved 1148928K
  class space    used 13827K, capacity 14793K, committed 14896K, reserved 1048576K
}
Event: 419.618 GC heap before
{Heap before GC invocations=29 (full 4):
 PSYoungGen      total 569344K, used 569340K [0x00000000d5580000, 0x0000000100000000, 0x0000000100000000)
  eden space 473600K, 100% used [0x00000000d5580000,0x00000000f2400000,0x00000000f2400000)
  from space 95744K, 99% used [0x00000000fa280000,0x00000000fffff3a0,0x0000000100000000)
  to   space 112640K, 0% used [0x00000000f2400000,0x00000000f2400000,0x00000000f9200000)
 ParOldGen       total 373248K, used 301746K [0x0000000080000000, 0x0000000096c80000, 0x00000000d5580000)
  object space 373248K, 80% used [0x0000000080000000,0x00000000926acaf8,0x0000000096c80000)
 Metaspace       used 112335K, capacity 117684K, committed 117912K, reserved 1153024K
  class space    used 14186K, capacity 15187K, committed 15280K, reserved 1048576K
Event: 419.948 GC heap after
Heap after GC invocations=29 (full 4):
 PSYoungGen      total 586240K, used 112620K [0x00000000d5580000, 0x0000000100000000, 0x0000000100000000)
  eden space 473600K, 0% used [0x00000000d5580000,0x00000000d5580000,0x00000000f2400000)
  from space 112640K, 99% used [0x00000000f2400000,0x00000000f91fb2d8,0x00000000f9200000)
  to   space 112640K, 0% used [0x00000000f9200000,0x00000000f9200000,0x0000000100000000)
 ParOldGen       total 435200K, used 435149K [0x0000000080000000, 0x000000009a900000, 0x00000000d5580000)
  object space 435200K, 99% used [0x0000000080000000,0x000000009a8f3678,0x000000009a900000)
 Metaspace       used 112335K, capacity 117684K, committed 117912K, reserved 1153024K
  class space    used 14186K, capacity 15187K, committed 15280K, reserved 1048576K
}
Event: 419.948 GC heap before
{Heap before GC invocations=30 (full 5):
 PSYoungGen      total 586240K, used 112620K [0x00000000d5580000, 0x0000000100000000, 0x0000000100000000)
  eden space 473600K, 0% used [0x00000000d5580000,0x00000000d5580000,0x00000000f2400000)
  from space 112640K, 99% used [0x00000000f2400000,0x00000000f91fb2d8,0x00000000f9200000)
  to   space 112640K, 0% used [0x00000000f9200000,0x00000000f9200000,0x0000000100000000)
 ParOldGen       total 435200K, used 435149K [0x0000000080000000, 0x000000009a900000, 0x00000000d5580000)
  object space 435200K, 99% used [0x0000000080000000,0x000000009a8f3678,0x000000009a900000)
 Metaspace       used 112335K, capacity 117684K, committed 117912K, reserved 1153024K
  class space    used 14186K, capacity 15187K, committed 15280K, reserved 1048576K
Event: 421.701 GC heap after
Heap after GC invocations=30 (full 5):
 PSYoungGen      total 586240K, used 0K [0x00000000d5580000, 0x0000000100000000, 0x0000000100000000)
  eden space 473600K, 0% used [0x00000000d5580000,0x00000000d5580000,0x00000000f2400000)
  from space 112640K, 0% used [0x00000000f2400000,0x00000000f2400000,0x00000000f9200000)
  to   space 112640K, 0% used [0x00000000f9200000,0x00000000f9200000,0x0000000100000000)
 ParOldGen       total 582144K, used 305830K [0x0000000080000000, 0x00000000a3880000, 0x00000000d5580000)
  object space 582144K, 52% used [0x0000000080000000,0x0000000092aa9ba8,0x00000000a3880000)
 Metaspace       used 112335K, capacity 117684K, committed 117912K, reserved 1153024K
  class space    used 14186K, capacity 15187K, committed 15280K, reserved 1048576K
}

