# JRE version: OpenJDK Runtime Environment (8.0_242-b01) (build 1.8.0_242-release-1644-b01)
# Java VM: OpenJDK 64-Bit Server VM (25.242-b01 mixed mode windows-amd64 compressed oops)
Heap:
 PSYoungGen      total 588288K, used 397463K [0x00000000d5580000, 0x0000000100000000, 0x0000000100000000)
  eden space 499200K, 61% used [0x00000000d5580000,0x00000000e82accd0,0x00000000f3d00000)
  from space 89088K, 99% used [0x00000000f3d00000,0x00000000f93f9158,0x00000000f9400000)
  to   space 110592K, 0% used [0x00000000f9400000,0x00000000f9400000,0x0000000100000000)
 ParOldGen       total 617472K, used 421460K [0x0000000080000000, 0x00000000a5b00000, 0x00000000d5580000)
  object space 617472K, 68% used [0x0000000080000000,0x0000000099b95070,0x00000000a5b00000)
 Metaspace       used 149421K, capacity 158206K, committed 158336K, reserved 1187840K
  class space    used 18470K, capacity 20001K, committed 20096K, reserved 1048576K
GC Heap History (10 events):
Event: 3678.663 GC heap before
{Heap before GC invocations=133 (full 9):
 PSYoungGen      total 588800K, used 481132K [0x00000000d5580000, 0x0000000100000000, 0x0000000100000000)
  eden space 481792K, 99% used [0x00000000d5580000,0x00000000f2b5b1f0,0x00000000f2c00000)
  from space 107008K, 0% used [0x00000000f9700000,0x00000000f9700000,0x00000000fff80000)
  to   space 108544K, 0% used [0x00000000f2c00000,0x00000000f2c00000,0x00000000f9600000)
 ParOldGen       total 617472K, used 341378K [0x0000000080000000, 0x00000000a5b00000, 0x00000000d5580000)
  object space 617472K, 55% used [0x0000000080000000,0x0000000094d608e0,0x00000000a5b00000)
 Metaspace       used 148623K, capacity 157216K, committed 157440K, reserved 1187840K
  class space    used 18394K, capacity 19902K, committed 19968K, reserved 1048576K
Event: 3678.720 GC heap after
Heap after GC invocations=133 (full 9):
 PSYoungGen      total 524800K, used 42534K [0x00000000d5580000, 0x00000000ff980000, 0x0000000100000000)
  eden space 481792K, 0% used [0x00000000d5580000,0x00000000d5580000,0x00000000f2c00000)
  from space 43008K, 98% used [0x00000000f2c00000,0x00000000f5589b60,0x00000000f5600000)
  to   space 104448K, 0% used [0x00000000f9380000,0x00000000f9380000,0x00000000ff980000)
 ParOldGen       total 617472K, used 341378K [0x0000000080000000, 0x00000000a5b00000, 0x00000000d5580000)
  object space 617472K, 55% used [0x0000000080000000,0x0000000094d608e0,0x00000000a5b00000)
 Metaspace       used 148623K, capacity 157216K, committed 157440K, reserved 1187840K
  class space    used 18394K, capacity 19902K, committed 19968K, reserved 1048576K
}
Event: 3690.395 GC heap before
{Heap before GC invocations=134 (full 9):
 PSYoungGen      total 524800K, used 524326K [0x00000000d5580000, 0x00000000ff980000, 0x0000000100000000)
  eden space 481792K, 100% used [0x00000000d5580000,0x00000000f2c00000,0x00000000f2c00000)
  from space 43008K, 98% used [0x00000000f2c00000,0x00000000f5589b60,0x00000000f5600000)
  to   space 104448K, 0% used [0x00000000f9380000,0x00000000f9380000,0x00000000ff980000)
 ParOldGen       total 617472K, used 341378K [0x0000000080000000, 0x00000000a5b00000, 0x00000000d5580000)
  object space 617472K, 55% used [0x0000000080000000,0x0000000094d608e0,0x00000000a5b00000)
 Metaspace       used 148805K, capacity 157472K, committed 157824K, reserved 1187840K
  class space    used 18406K, capacity 19938K, committed 20096K, reserved 1048576K
Event: 3690.571 GC heap after
Heap after GC invocations=134 (full 9):
 PSYoungGen      total 590848K, used 11669K [0x00000000d5580000, 0x0000000100000000, 0x0000000100000000)
  eden space 486400K, 0% used [0x00000000d5580000,0x00000000d5580000,0x00000000f3080000)
  from space 104448K, 11% used [0x00000000f9380000,0x00000000f9ee5418,0x00000000ff980000)
  to   space 101376K, 0% used [0x00000000f3080000,0x00000000f3080000,0x00000000f9380000)
 ParOldGen       total 617472K, used 374559K [0x0000000080000000, 0x00000000a5b00000, 0x00000000d5580000)
  object space 617472K, 60% used [0x0000000080000000,0x0000000096dc7f28,0x00000000a5b00000)
 Metaspace       used 148805K, capacity 157472K, committed 157824K, reserved 1187840K
  class space    used 18406K, capacity 19938K, committed 20096K, reserved 1048576K
}
Event: 3691.957 GC heap before
{Heap before GC invocations=135 (full 9):
 PSYoungGen      total 590848K, used 498069K [0x00000000d5580000, 0x0000000100000000, 0x0000000100000000)
  eden space 486400K, 100% used [0x00000000d5580000,0x00000000f3080000,0x00000000f3080000)
  from space 104448K, 11% used [0x00000000f9380000,0x00000000f9ee5418,0x00000000ff980000)
  to   space 101376K, 0% used [0x00000000f3080000,0x00000000f3080000,0x00000000f9380000)
 ParOldGen       total 617472K, used 374559K [0x0000000080000000, 0x00000000a5b00000, 0x00000000d5580000)
  object space 617472K, 60% used [0x0000000080000000,0x0000000096dc7f28,0x00000000a5b00000)
 Metaspace       used 148837K, capacity 157484K, committed 157824K, reserved 1187840K
  class space    used 18407K, capacity 19940K, committed 20096K, reserved 1048576K
Event: 3692.002 GC heap after
Heap after GC invocations=135 (full 9):
 PSYoungGen      total 587776K, used 34452K [0x00000000d5580000, 0x00000000ff100000, 0x0000000100000000)
  eden space 486400K, 0% used [0x00000000d5580000,0x00000000d5580000,0x00000000f3080000)
  from space 101376K, 33% used [0x00000000f3080000,0x00000000f5225238,0x00000000f9380000)
  to   space 95232K, 0% used [0x00000000f9400000,0x00000000f9400000,0x00000000ff100000)
 ParOldGen       total 617472K, used 382998K [0x0000000080000000, 0x00000000a5b00000, 0x00000000d5580000)
  object space 617472K, 62% used [0x0000000080000000,0x0000000097605a10,0x00000000a5b00000)
 Metaspace       used 148837K, capacity 157484K, committed 157824K, reserved 1187840K
  class space    used 18407K, capacity 19940K, committed 20096K, reserved 1048576K
}
Event: 3762.607 GC heap before
{Heap before GC invocations=136 (full 9):
 PSYoungGen      total 587776K, used 520852K [0x00000000d5580000, 0x00000000ff100000, 0x0000000100000000)
  eden space 486400K, 100% used [0x00000000d5580000,0x00000000f3080000,0x00000000f3080000)
  from space 101376K, 33% used [0x00000000f3080000,0x00000000f5225238,0x00000000f9380000)
  to   space 95232K, 0% used [0x00000000f9400000,0x00000000f9400000,0x00000000ff100000)
 ParOldGen       total 617472K, used 382998K [0x0000000080000000, 0x00000000a5b00000, 0x00000000d5580000)
  object space 617472K, 62% used [0x0000000080000000,0x0000000097605a10,0x00000000a5b00000)
 Metaspace       used 149361K, capacity 158202K, committed 158336K, reserved 1187840K
  class space    used 18468K, capacity 20001K, committed 20096K, reserved 1048576K
Event: 3762.630 GC heap after
Heap after GC invocations=136 (full 9):
 PSYoungGen      total 591360K, used 32181K [0x00000000d5580000, 0x00000000fee00000, 0x0000000100000000)
  eden space 499200K, 0% used [0x00000000d5580000,0x00000000d5580000,0x00000000f3d00000)
  from space 92160K, 34% used [0x00000000f9400000,0x00000000fb36d4b8,0x00000000fee00000)
  to   space 89088K, 0% used [0x00000000f3d00000,0x00000000f3d00000,0x00000000f9400000)
 ParOldGen       total 617472K, used 388082K [0x0000000080000000, 0x00000000a5b00000, 0x00000000d5580000)
  object space 617472K, 62% used [0x0000000080000000,0x0000000097afc9b8,0x00000000a5b00000)
 Metaspace       used 149361K, capacity 158202K, committed 158336K, reserved 1187840K
  class space    used 18468K, capacity 20001K, committed 20096K, reserved 1048576K
}
Event: 3765.706 GC heap before
{Heap before GC invocations=137 (full 9):
 PSYoungGen      total 591360K, used 531381K [0x00000000d5580000, 0x00000000fee00000, 0x0000000100000000)
  eden space 499200K, 100% used [0x00000000d5580000,0x00000000f3d00000,0x00000000f3d00000)
  from space 92160K, 34% used [0x00000000f9400000,0x00000000fb36d4b8,0x00000000fee00000)
  to   space 89088K, 0% used [0x00000000f3d00000,0x00000000f3d00000,0x00000000f9400000)
 ParOldGen       total 617472K, used 388082K [0x0000000080000000, 0x00000000a5b00000, 0x00000000d5580000)
  object space 617472K, 62% used [0x0000000080000000,0x0000000097afc9b8,0x00000000a5b00000)
 Metaspace       used 149419K, capacity 158206K, committed 158336K, reserved 1187840K
  class space    used 18470K, capacity 20001K, committed 20096K, reserved 1048576K
Event: 3765.913 GC heap after
Heap after GC invocations=137 (full 9):
 PSYoungGen      total 588288K, used 89060K [0x00000000d5580000, 0x0000000100000000, 0x0000000100000000)
  eden space 499200K, 0% used [0x00000000d5580000,0x00000000d5580000,0x00000000f3d00000)
  from space 89088K, 99% used [0x00000000f3d00000,0x00000000f93f9158,0x00000000f9400000)
  to   space 110592K, 0% used [0x00000000f9400000,0x00000000f9400000,0x0000000100000000)
 ParOldGen       total 617472K, used 421460K [0x0000000080000000, 0x00000000a5b00000, 0x00000000d5580000)
  object space 617472K, 68% used [0x0000000080000000,0x0000000099b95070,0x00000000a5b00000)
 Metaspace       used 149419K, capacity 158206K, committed 158336K, reserved 1187840K
  class space    used 18470K, capacity 20001K, committed 20096K, reserved 1048576K
}

